This file contains any messages produced by compilers while
running configure, to aid debugging if configure makes a mistake.

It was created by riscv-toolchain configure 1.0, which was
generated by GNU Autoconf 2.69.  Invocation command line was

  $ ./configure --with-multilib-generator=rv32i-ilp32--;rv32imafd-ilp32--

## --------- ##
## Platform. ##
## --------- ##

hostname = Zenbook
uname -m = x86_64
uname -r = 5.15.150.1-microsoft-standard-WSL2
uname -s = Linux
uname -v = #1 SMP Thu Mar 7 03:22:57 UTC 2024

/usr/bin/uname -p = x86_64
/bin/uname -X     = unknown

/bin/arch              = x86_64
/usr/bin/arch -k       = unknown
/usr/convex/getsysinfo = unknown
/usr/bin/hostinfo      = unknown
/bin/machine           = unknown
/usr/bin/oslevel       = unknown
/bin/universe          = unknown

PATH: /usr/local/sbin
PATH: /usr/local/bin
PATH: /usr/sbin
PATH: /usr/bin
PATH: /sbin
PATH: /bin
PATH: /usr/games
PATH: /usr/local/games
PATH: /usr/lib/wsl/lib
PATH: /mnt/c/Program Files (x86)/Common Files/Oracle/Java/javapath
PATH: /mnt/c/Windows/system32
PATH: /mnt/c/Windows
PATH: /mnt/c/Windows/System32/Wbem
PATH: /mnt/c/Windows/System32/WindowsPowerShell/v1.0/
PATH: /mnt/c/Windows/System32/OpenSSH/
PATH: /mnt/c/Program Files/Agilent/IO Libraries Suite/bin
PATH: /mnt/c/Program Files/IVI Foundation/VISA/Win64/agvisa
PATH: /mnt/c/Program Files/IVI Foundation/VISA/Win64/bin
PATH: /mnt/c/Program Files (x86)/Agilent/IO Libraries Suite/bin
PATH: /mnt/c/Program Files (x86)/IVI Foundation/VISA/WinNT/agvisa
PATH: /mnt/c/Program Files (x86)/IVI Foundation/VISA/WinNT/bin
PATH: /mnt/c/Program Files (x86)/IVI Foundation/IVI/bin
PATH: /mnt/c/Program Files/IVI Foundation/IVI/bin
PATH: /mnt/c/Program Files (x86)/IVI Foundation/VISA/WinNT/Bin/
PATH: /mnt/c/Program Files/IVI Foundation/VISA/Win64/Bin/
PATH: /mnt/c/Program Files (x86)/STMicroelectronics/STM32 ST-LINK Utility/ST-LINK Utility
PATH: /mnt/c/Program Files/dotnet/
PATH: /mnt/c/Program Files/Microsoft SQL Server/150/Tools/Binn/
PATH: /mnt/c/Program Files/Microsoft SQL Server/Client SDK/ODBC/170/Tools/Binn/
PATH: /mnt/c/Users/doguk/AppData/Local/Programs/Pytho
PATH: /mnt/c/Program Files/Cloudflare/Cloudflare WARP/
PATH: /mnt/c/Program Files/Git/cmd
PATH: /mnt/c/MinGW/bin
PATH: /mnt/c/Program Files (x86)/GnuWin32/bin
PATH: /mnt/c/Program Files (x86)/GNU Arm Embedded Toolchain/10 2021.10/bin
PATH: /mnt/c/Users/doguk/AppData/Local/Programs/Python/Python312/Scripts/
PATH: /mnt/c/Users/doguk/AppData/Local/Programs/Python/Python312/
PATH: /mnt/c/Users/doguk/AppData/Local/Programs/Python/Python311/Scripts/
PATH: /mnt/c/Users/doguk/AppData/Local/Programs/Python/Python311/
PATH: /mnt/c/Users/doguk/AppData/Local/Microsoft/WindowsApps
PATH: /mnt/c/Users/doguk/AppData/Local/GitHubDesktop/bin
PATH: /mnt/c/Users/doguk/.dotnet/tools
PATH: /mnt/c/php
PATH: /mnt/c/Users/doguk/AppData/Local/Programs/Microsoft VS Code/bin
PATH: /snap/bin
PATH: /opt/riscv/bin


## ----------- ##
## Core tests. ##
## ----------- ##

configure:1865: checking for gcc
configure:1881: found /usr/bin/gcc
configure:1892: result: gcc
configure:2121: checking for C compiler version
configure:2130: gcc --version >&5
gcc (Ubuntu 11.4.0-1ubuntu1~22.04) 11.4.0
Copyright (C) 2021 Free Software Foundation, Inc.
This is free software; see the source for copying conditions.  There is NO
warranty; not even for MERCHANTABILITY or FITNESS FOR A PARTICULAR PURPOSE.

configure:2141: $? = 0
configure:2130: gcc -v >&5
Using built-in specs.
COLLECT_GCC=gcc
COLLECT_LTO_WRAPPER=/usr/lib/gcc/x86_64-linux-gnu/11/lto-wrapper
OFFLOAD_TARGET_NAMES=nvptx-none:amdgcn-amdhsa
OFFLOAD_TARGET_DEFAULT=1
Target: x86_64-linux-gnu
Configured with: ../src/configure -v --with-pkgversion='Ubuntu 11.4.0-1ubuntu1~22.04' --with-bugurl=file:///usr/share/doc/gcc-11/README.Bugs --enable-languages=c,ada,c++,go,brig,d,fortran,objc,obj-c++,m2 --prefix=/usr --with-gcc-major-version-only --program-suffix=-11 --program-prefix=x86_64-linux-gnu- --enable-shared --enable-linker-build-id --libexecdir=/usr/lib --without-included-gettext --enable-threads=posix --libdir=/usr/lib --enable-nls --enable-bootstrap --enable-clocale=gnu --enable-libstdcxx-debug --enable-libstdcxx-time=yes --with-default-libstdcxx-abi=new --enable-gnu-unique-object --disable-vtable-verify --enable-plugin --enable-default-pie --with-system-zlib --enable-libphobos-checking=release --with-target-system-zlib=auto --enable-objc-gc=auto --enable-multiarch --disable-werror --enable-cet --with-arch-32=i686 --with-abi=m64 --with-multilib-list=m32,m64,mx32 --enable-multilib --with-tune=generic --enable-offload-targets=nvptx-none=/build/gcc-11-XeT9lY/gcc-11-11.4.0/debian/tmp-nvptx/usr,amdgcn-amdhsa=/build/gcc-11-XeT9lY/gcc-11-11.4.0/debian/tmp-gcn/usr --without-cuda-driver --enable-checking=release --build=x86_64-linux-gnu --host=x86_64-linux-gnu --target=x86_64-linux-gnu --with-build-config=bootstrap-lto-lean --enable-link-serialization=2
Thread model: posix
Supported LTO compression algorithms: zlib zstd
gcc version 11.4.0 (Ubuntu 11.4.0-1ubuntu1~22.04) 
... rest of stderr output deleted ...
configure:2141: $? = 0
configure:2130: gcc -V >&5
gcc: error: unrecognized command-line option '-V'
gcc: fatal error: no input files
compilation terminated.
configure:2141: $? = 1
configure:2130: gcc -qversion >&5
gcc: error: unrecognized command-line option '-qversion'; did you mean '--version'?
gcc: fatal error: no input files
compilation terminated.
configure:2141: $? = 1
configure:2161: checking whether the C compiler works
configure:2183: gcc    conftest.c  >&5
configure:2187: $? = 0
configure:2235: result: yes
configure:2238: checking for C compiler default output file name
configure:2240: result: a.out
configure:2246: checking for suffix of executables
configure:2253: gcc -o conftest    conftest.c  >&5
configure:2257: $? = 0
configure:2279: result: 
configure:2301: checking whether we are cross compiling
configure:2309: gcc -o conftest    conftest.c  >&5
configure:2313: $? = 0
configure:2320: ./conftest
configure:2324: $? = 0
configure:2339: result: no
configure:2344: checking for suffix of object files
configure:2366: gcc -c   conftest.c >&5
configure:2370: $? = 0
configure:2391: result: o
configure:2395: checking whether we are using the GNU C compiler
configure:2414: gcc -c   conftest.c >&5
configure:2414: $? = 0
configure:2423: result: yes
configure:2432: checking whether gcc accepts -g
configure:2452: gcc -c -g  conftest.c >&5
configure:2452: $? = 0
configure:2493: result: yes
configure:2510: checking for gcc option to accept ISO C89
configure:2573: gcc  -c -g -O2  conftest.c >&5
configure:2573: $? = 0
configure:2586: result: none needed
configure:2606: checking for grep that handles long lines and -e
configure:2664: result: /usr/bin/grep
configure:2669: checking for fgrep
configure:2731: result: /usr/bin/grep -F
configure:2739: checking for bash
configure:2770: result: /bin/bash
configure:2841: checking for __gmpz_init in -lgmp
configure:2866: gcc -o conftest -g -O2   conftest.c -lgmp   >&5
configure:2866: $? = 0
configure:2875: result: yes
configure:2888: checking for mpfr_init in -lmpfr
configure:2913: gcc -o conftest -g -O2   conftest.c -lmpfr  -lgmp  >&5
configure:2913: $? = 0
configure:2922: result: yes
configure:2935: checking for mpc_init2 in -lmpc
configure:2960: gcc -o conftest -g -O2   conftest.c -lmpc  -lmpfr -lgmp  >&5
configure:2960: $? = 0
configure:2969: result: yes
configure:2992: checking for curl
configure:3010: found /usr/bin/curl
configure:3023: result: /usr/bin/curl
configure:3033: checking for wget
configure:3051: found /usr/bin/wget
configure:3064: result: /usr/bin/wget
configure:3074: checking for ftp
configure:3092: found /usr/bin/ftp
configure:3105: result: /usr/bin/ftp
configure:3364: creating ./config.status

## ---------------------- ##
## Running config.status. ##
## ---------------------- ##

This file was extended by riscv-toolchain config.status 1.0, which was
generated by GNU Autoconf 2.69.  Invocation command line was

  CONFIG_FILES    = 
  CONFIG_HEADERS  = 
  CONFIG_LINKS    = 
  CONFIG_COMMANDS = 
  $ ./config.status 

on Zenbook

config.status:739: creating Makefile
config.status:739: creating scripts/wrapper/awk/awk
config.status:739: creating scripts/wrapper/sed/sed
configure:4373: WARNING: unrecognized options: --with-multilib-generator

## ---------------- ##
## Cache variables. ##
## ---------------- ##

ac_cv_c_compiler_gnu=yes
ac_cv_env_CC_set=
ac_cv_env_CC_value=
ac_cv_env_CFLAGS_set=
ac_cv_env_CFLAGS_value=
ac_cv_env_CPPFLAGS_set=
ac_cv_env_CPPFLAGS_value=
ac_cv_env_LDFLAGS_set=
ac_cv_env_LDFLAGS_value=
ac_cv_env_LIBS_set=
ac_cv_env_LIBS_value=
ac_cv_env_build_alias_set=
ac_cv_env_build_alias_value=
ac_cv_env_host_alias_set=
ac_cv_env_host_alias_value=
ac_cv_env_target_alias_set=
ac_cv_env_target_alias_value=
ac_cv_lib_gmp___gmpz_init=yes
ac_cv_lib_mpc_mpc_init2=yes
ac_cv_lib_mpfr_mpfr_init=yes
ac_cv_objext=o
ac_cv_path_BASH=/bin/bash
ac_cv_path_CURL=/usr/bin/curl
ac_cv_path_FGREP='/usr/bin/grep -F'
ac_cv_path_FTP=/usr/bin/ftp
ac_cv_path_GAWK=/usr/bin/gawk
ac_cv_path_GREP=/usr/bin/grep
ac_cv_path_GSED=/usr/bin/sed
ac_cv_path_WGET=/usr/bin/wget
ac_cv_prog_ac_ct_CC=gcc
ac_cv_prog_cc_c89=
ac_cv_prog_cc_g=yes

## ----------------- ##
## Output variables. ##
## ----------------- ##

ARCH='IMAFD'
BASH='/bin/bash'
CC='gcc'
CFLAGS='-g -O2'
CPPFLAGS=''
CURL='/usr/bin/curl'
DEFS='-DPACKAGE_NAME=\"riscv-toolchain\" -DPACKAGE_TARNAME=\"riscv-toolchain\" -DPACKAGE_VERSION=\"1.0\" -DPACKAGE_STRING=\"riscv-toolchain\ 1.0\" -DPACKAGE_BUGREPORT=\"\" -DPACKAGE_URL=\"\" -DHAVE_LIBGMP=1 -DHAVE_LIBMPFR=1 -DHAVE_LIBMPC=1'
ECHO_C=''
ECHO_N='-n'
ECHO_T=''
EXEEXT=''
FETCHER='/usr/bin/curl -o - --ftp-pasv'
FGREP='/usr/bin/grep -F'
FTP='/usr/bin/ftp'
GAWK='/usr/bin/gawk'
GREP='/usr/bin/grep'
GSED='/usr/bin/sed'
LDFLAGS=''
LIBOBJS=''
LIBS='-lmpc -lmpfr -lgmp '
LTLIBOBJS=''
NEED_GCC_EXTERNAL_LIBRARIES='false'
OBJEXT='o'
PACKAGE_BUGREPORT=''
PACKAGE_NAME='riscv-toolchain'
PACKAGE_STRING='riscv-toolchain 1.0'
PACKAGE_TARNAME='riscv-toolchain'
PACKAGE_URL=''
PACKAGE_VERSION='1.0'
PATH_SEPARATOR=':'
SHELL='/bin/bash'
WGET='/usr/bin/wget'
XLEN='64'
ac_ct_CC='gcc'
atomic_cflags=''
bindir='${exec_prefix}/bin'
build_alias=''
datadir='${datarootdir}'
datarootdir='${prefix}/share'
default_target='newlib'
docdir='${datarootdir}/doc/${PACKAGE_TARNAME}'
dvidir='${docdir}'
exec_prefix='${prefix}'
float_asflags=''
float_cflags=''
glibc_configure_flags=''
host_alias=''
htmldir='${docdir}'
includedir='${prefix}/include'
infodir='${datarootdir}/info'
libdir='${exec_prefix}/lib'
libexecdir='${exec_prefix}/libexec'
localedir='${datarootdir}/locale'
localstatedir='${prefix}/var'
mandir='${datarootdir}/man'
multilib_flags='--disable-multilib'
oldincludedir='/usr/include'
pdfdir='${docdir}'
prefix='/usr/local'
program_transform_name='s,x,x,'
psdir='${docdir}'
sbindir='${exec_prefix}/sbin'
sharedstatedir='${prefix}/com'
sysconfdir='${prefix}/etc'
target_alias=''

## ----------- ##
## confdefs.h. ##
## ----------- ##

/* confdefs.h */
#define PACKAGE_NAME "riscv-toolchain"
#define PACKAGE_TARNAME "riscv-toolchain"
#define PACKAGE_VERSION "1.0"
#define PACKAGE_STRING "riscv-toolchain 1.0"
#define PACKAGE_BUGREPORT ""
#define PACKAGE_URL ""
#define HAVE_LIBGMP 1
#define HAVE_LIBMPFR 1
#define HAVE_LIBMPC 1

configure: exit 0
